<?xml version="1.0" encoding="UTF-8"?>
<testng-results skipped="0" failed="0" ignored="0" total="1" passed="1">
  <reporter-output>
  </reporter-output>
  <suite name="Suite" duration-ms="3190" started-at="2019-06-27T09:12:25Z" finished-at="2019-06-27T09:12:28Z">
    <groups>
    </groups>
    <test name="Test" duration-ms="3190" started-at="2019-06-27T09:12:25Z" finished-at="2019-06-27T09:12:28Z">
      <class name="my.firstMvn.LaunchBrowser">
        <test-method status="PASS" signature="f()[pri:0, instance:my.firstMvn.LaunchBrowser@7d9d1a19]" name="f" duration-ms="3167" started-at="2019-06-27T09:12:25Z" finished-at="2019-06-27T09:12:28Z">
          <reporter-output>
          </reporter-output>
        </test-method> <!-- f -->
      </class> <!-- my.firstMvn.LaunchBrowser -->
    </test> <!-- Test -->
  </suite> <!-- Suite -->
</testng-results>
